<?xml version="1.0" encoding="UTF-8"?>
<testsuite xmlns:xsi="http://www.w3.org/2001/XMLSchema-instance" xsi:schemaLocation="https://maven.apache.org/surefire/maven-surefire-plugin/xsd/surefire-test-report.xsd" name="com.gaborcselle.persistent.PersistentQueueTest" time="0.302" tests="6" errors="0" skipped="0" failures="0">
  <properties>
[...]
</properties>
  <testcase name="testSize" classname="com.gaborcselle.persistent.PersistentQueueTest" time="0.139"/>
  <testcase name="testWriteList" classname="com.gaborcselle.persistent.PersistentQueueTest" time="0.025"/>
  <testcase name="testRemoveFromEmptyQueue" classname="com.gaborcselle.persistent.PersistentQueueTest" time="0.003"/>
  <testcase name="testALotOfElements" classname="com.gaborcselle.persistent.PersistentQueueTest" time="0.063"/>
  <testcase name="testRecoverFromLost" classname="com.gaborcselle.persistent.PersistentQueueTest" time="0.005"/>
  <testcase name="testOneElement" classname="com.gaborcselle.persistent.PersistentQueueTest" time="0.004"/>
</testsuite>